{"/home/nicolasgpla/text2workflow/frontend/src/presentation/components/atoms/PrimaryButton/PrimaryButton.tsx": {"path":"/home/nicolasgpla/text2workflow/frontend/src/presentation/components/atoms/PrimaryButton/PrimaryButton.tsx","all":false,"statementMap":{"0":{"start":{"line":1,"column":0},"end":{"line":1,"column":31}},"1":{"start":{"line":8,"column":0},"end":{"line":8,"column":76}},"2":{"start":{"line":9,"column":0},"end":{"line":9,"column":12}},"3":{"start":{"line":10,"column":0},"end":{"line":10,"column":61}},"4":{"start":{"line":11,"column":0},"end":{"line":11,"column":24}},"5":{"start":{"line":12,"column":0},"end":{"line":12,"column":17}},"6":{"start":{"line":14,"column":0},"end":{"line":14,"column":1}}},"s":{"0":2,"1":2,"2":4,"3":4,"4":4,"5":4,"6":4},"branchMap":{"0":{"type":"branch","line":8,"loc":{"start":{"line":8,"column":7},"end":{"line":14,"column":1}},"locations":[{"start":{"line":8,"column":7},"end":{"line":14,"column":1}}]}},"b":{"0":[4]},"fnMap":{"0":{"name":"PrimaryButton","decl":{"start":{"line":8,"column":7},"end":{"line":14,"column":1}},"loc":{"start":{"line":8,"column":7},"end":{"line":14,"column":1}},"line":8}},"f":{"0":4}}
,"/home/nicolasgpla/text2workflow/frontend/src/presentation/components/atoms/PrimaryTextarea/PrimaryTextarea.tsx": {"path":"/home/nicolasgpla/text2workflow/frontend/src/presentation/components/atoms/PrimaryTextarea/PrimaryTextarea.tsx","all":false,"statementMap":{"0":{"start":{"line":2,"column":0},"end":{"line":2,"column":33}},"1":{"start":{"line":12,"column":0},"end":{"line":12,"column":89}},"2":{"start":{"line":13,"column":0},"end":{"line":13,"column":12}},"3":{"start":{"line":14,"column":0},"end":{"line":14,"column":42}},"4":{"start":{"line":15,"column":0},"end":{"line":15,"column":92}},"5":{"start":{"line":16,"column":0},"end":{"line":16,"column":23}},"6":{"start":{"line":17,"column":0},"end":{"line":17,"column":20}},"7":{"start":{"line":18,"column":0},"end":{"line":18,"column":21}},"8":{"start":{"line":19,"column":0},"end":{"line":19,"column":51}},"9":{"start":{"line":20,"column":0},"end":{"line":20,"column":29}},"10":{"start":{"line":21,"column":0},"end":{"line":21,"column":35}},"11":{"start":{"line":22,"column":0},"end":{"line":22,"column":27}},"12":{"start":{"line":23,"column":0},"end":{"line":23,"column":47}},"13":{"start":{"line":24,"column":0},"end":{"line":24,"column":14}},"14":{"start":{"line":25,"column":0},"end":{"line":25,"column":98}},"15":{"start":{"line":26,"column":0},"end":{"line":26,"column":14}},"16":{"start":{"line":28,"column":0},"end":{"line":28,"column":1}},"17":{"start":{"line":30,"column":0},"end":{"line":30,"column":31}}},"s":{"0":2,"1":5,"2":5,"3":5,"4":5,"5":5,"6":5,"7":5,"8":5,"9":5,"10":5,"11":5,"12":5,"13":5,"14":5,"15":5,"16":5,"17":2},"branchMap":{"0":{"type":"branch","line":12,"loc":{"start":{"line":12,"column":0},"end":{"line":28,"column":1}},"locations":[{"start":{"line":12,"column":0},"end":{"line":28,"column":1}}]},"1":{"type":"branch","line":25,"loc":{"start":{"line":25,"column":13},"end":{"line":25,"column":98}},"locations":[{"start":{"line":25,"column":13},"end":{"line":25,"column":98}}]}},"b":{"0":[5],"1":[1]},"fnMap":{"0":{"name":"PrimaryTextarea","decl":{"start":{"line":12,"column":0},"end":{"line":28,"column":1}},"loc":{"start":{"line":12,"column":0},"end":{"line":28,"column":1}},"line":12}},"f":{"0":5}}
}
